Added Component: Designator=C7(CAPC2112X13N)
Add component. Clean all parameters for all variants
Added Component: Designator=C10(CAPC2112X13N)
Add component. Clean all parameters for all variants
Added Component: Designator=C11(CAPC2112X13N)
Add component. Clean all parameters for all variants
Added Component: Designator=C12(CAPC2112X13N)
Add component. Clean all parameters for all variants
Added Component: Designator=C13(CAPC2112X13N)
Add component. Clean all parameters for all variants
Added Pin To Net: NetName=GND Pin=C7-1
Added Pin To Net: NetName=NetC7_2 Pin=C7-2
Added Pin To Net: NetName=GND Pin=C10-1
Added Pin To Net: NetName=GND Pin=C11-1
Added Pin To Net: NetName=NetC9_2 Pin=C11-2
Added Pin To Net: NetName=GND Pin=C12-1
Added Pin To Net: NetName=NetC9_2 Pin=C12-2
Added Pin To Net: NetName=GND Pin=C13-1
Added Pin To Net: NetName=NetC9_2 Pin=C13-2
Added Pin To Net: NetName=NetC10_2 Pin=C10-2
Added Pin To Net: NetName=NetC10_2 Pin=DD1-7
Added Pin To Net: NetName=NetC10_2 Pin=XP1-3
Added Net: Name=NetC10_2
Added Member To Class: ClassName=Sheet3 Member=Component C7 0.1uF
Added Member To Class: ClassName=Sheet3 Member=Component C10 0.1uF
Added Member To Class: ClassName=Sheet3 Member=Component C11 0.1uF
Added Member To Class: ClassName=Sheet3 Member=Component C12 0.1uF
Added Member To Class: ClassName=Sheet3 Member=Component C13 0.1uF
Added Member To Class: ClassName=Sheet3 Member=Component R7 Резистор 0805
