Change Component Comment : Designator=R8 Old Comment=47k New Comment=Резистор 0805
Change Component Comment : Designator=R9 Old Comment=47k New Comment=Резистор 0805
Added Component: Designator=DA1(SOT-23-6)
Add component. Clean all parameters for all variants
Added Component: Designator=VT1(TSOP65P600X120-8N)
Add component. Clean all parameters for all variants
Added Pin To Net: NetName=NetDA1_1 Pin=DA1-1
Added Pin To Net: NetName=NetDA1_2 Pin=DA1-2
Added Pin To Net: NetName=NetDA1_3 Pin=DA1-3
Added Pin To Net: NetName=NetC2_2 Pin=DA1-5
Added Pin To Net: NetName=NetC2_1 Pin=DA1-6
Added Pin To Net: NetName=NetVT1_1 Pin=VT1-1
Added Pin To Net: NetName=NetC2_1 Pin=VT1-2
Added Pin To Net: NetName=NetDA1_1 Pin=VT1-4
Added Pin To Net: NetName=NetDA1_3 Pin=VT1-5
Added Pin To Net: NetName=GND Pin=VT1-6
Added Pin To Net: NetName=NetVT1_1 Pin=VT1-8
Added Class: Name=Sheet1
Added Class: Name=Sheet3
Added Room: Name=Sheet1
Added Room: Name=Sheet3
