Replace Part C? 0.1uF in C:\Users\Журавлёв\Desktop\Диплом\Джойстик\PCB_Project\Sheet3.SchDoc with 0.1uF from Schlib1.SchLib
Replace Part C? 0.1uF in C:\Users\Журавлёв\Desktop\Диплом\Джойстик\PCB_Project\Sheet3.SchDoc with 0.1uF from Schlib1.SchLib
Replace Part C? 0.1uF in C:\Users\Журавлёв\Desktop\Диплом\Джойстик\PCB_Project\Sheet3.SchDoc with 0.1uF from Schlib1.SchLib
Replace Part C? 0.1uF in C:\Users\Журавлёв\Desktop\Диплом\Джойстик\PCB_Project\Sheet3.SchDoc with 0.1uF from Schlib1.SchLib
Replace Part C? 0.1uF in C:\Users\Журавлёв\Desktop\Диплом\Джойстик\PCB_Project\Sheet3.SchDoc with 0.1uF from Schlib1.SchLib
Replace Part C? 0.1uF in C:\Users\Журавлёв\Desktop\Диплом\Джойстик\PCB_Project\Sheet3.SchDoc with 0.1uF from Schlib1.SchLib
Replace Part C? 0.1uF in C:\Users\Журавлёв\Desktop\Диплом\Джойстик\PCB_Project\Sheet3.SchDoc with 0.1uF from Schlib1.SchLib
Replace Part C? 0.1uF in C:\Users\Журавлёв\Desktop\Диплом\Джойстик\PCB_Project\Sheet3.SchDoc with 0.1uF from Schlib1.SchLib
Replace Part C? 0.1uF in C:\Users\Журавлёв\Desktop\Диплом\Джойстик\PCB_Project\Sheet3.SchDoc with 0.1uF from Schlib1.SchLib
Replace Part DA? NCP1117 in C:\Users\Журавлёв\Desktop\Диплом\Джойстик\PCB_Project\Sheet3.SchDoc with NCP1117 from Schlib2.SchLib
Replace Part DA? MT3608 in C:\Users\Журавлёв\Desktop\Диплом\Джойстик\PCB_Project\Sheet3.SchDoc with MT3608 from Schlib2.SchLib
Replace Part DA? DW01A in C:\Users\Журавлёв\Desktop\Диплом\Джойстик\PCB_Project\Sheet3.SchDoc with DW01A from Schlib2.SchLib
Replace Part DA? TP4056 in C:\Users\Журавлёв\Desktop\Диплом\Джойстик\PCB_Project\Sheet3.SchDoc with TP4056 from Schlib2.SchLib
Replace Part DD? STM32F103C8T6 (LQFP48) in C:\Users\Журавлёв\Desktop\Диплом\Джойстик\PCB_Project\Sheet3.SchDoc with STM32F103C8T6 (LQFP48) from Schlib2.SchLib
Replace Part GB? Batt Li-On in C:\Users\Журавлёв\Desktop\Диплом\Джойстик\PCB_Project\Sheet3.SchDoc with Batt Li-On from Schlib2.SchLib
Replace Part L? Inductor in C:\Users\Журавлёв\Desktop\Диплом\Джойстик\PCB_Project\Sheet3.SchDoc with Inductor from Schlib2.SchLib
Replace Part R? Резистор 0805 in C:\Users\Журавлёв\Desktop\Диплом\Джойстик\PCB_Project\Sheet3.SchDoc with Резистор 0805 from Schlib1.SchLib
Replace Part R? Резистор 0805 in C:\Users\Журавлёв\Desktop\Диплом\Джойстик\PCB_Project\Sheet3.SchDoc with Резистор 0805 from Schlib1.SchLib
Replace Part R? Резистор 0805 in C:\Users\Журавлёв\Desktop\Диплом\Джойстик\PCB_Project\Sheet3.SchDoc with Резистор 0805 from Schlib1.SchLib
Replace Part R? Резистор 0805 in C:\Users\Журавлёв\Desktop\Диплом\Джойстик\PCB_Project\Sheet3.SchDoc with Резистор 0805 from Schlib1.SchLib
Replace Part R? Резистор 0805 in C:\Users\Журавлёв\Desktop\Диплом\Джойстик\PCB_Project\Sheet3.SchDoc with Резистор 0805 from Schlib1.SchLib
Replace Part R? Резистор 0805 in C:\Users\Журавлёв\Desktop\Диплом\Джойстик\PCB_Project\Sheet3.SchDoc with Резистор 0805 from Schlib1.SchLib
Replace Part R? Резистор 0805 in C:\Users\Журавлёв\Desktop\Диплом\Джойстик\PCB_Project\Sheet3.SchDoc with Резистор 0805 from Schlib1.SchLib
Replace Part SW? SWITCH in C:\Users\Журавлёв\Desktop\Диплом\Джойстик\PCB_Project\Sheet3.SchDoc with SWITCH from Schlib2.SchLib
Replace Part SW? Button in C:\Users\Журавлёв\Desktop\Диплом\Джойстик\PCB_Project\Sheet3.SchDoc with Button from Schlib2.SchLib
Replace Part SW? Button in C:\Users\Журавлёв\Desktop\Диплом\Джойстик\PCB_Project\Sheet3.SchDoc with Button from Schlib2.SchLib
Replace Part SW? Button in C:\Users\Журавлёв\Desktop\Диплом\Джойстик\PCB_Project\Sheet3.SchDoc with Button from Schlib2.SchLib
Replace Part SW? Button in C:\Users\Журавлёв\Desktop\Диплом\Джойстик\PCB_Project\Sheet3.SchDoc with Button from Schlib2.SchLib
Replace Part SW? Button in C:\Users\Журавлёв\Desktop\Диплом\Джойстик\PCB_Project\Sheet3.SchDoc with Button from Schlib2.SchLib
Replace Part SW? Button in C:\Users\Журавлёв\Desktop\Диплом\Джойстик\PCB_Project\Sheet3.SchDoc with Button from Schlib2.SchLib
Replace Part SW? Button in C:\Users\Журавлёв\Desktop\Диплом\Джойстик\PCB_Project\Sheet3.SchDoc with Button from Schlib2.SchLib
Replace Part SW? Button in C:\Users\Журавлёв\Desktop\Диплом\Джойстик\PCB_Project\Sheet3.SchDoc with Button from Schlib2.SchLib
Replace Part SW? Button in C:\Users\Журавлёв\Desktop\Диплом\Джойстик\PCB_Project\Sheet3.SchDoc with Button from Schlib2.SchLib
Replace Part U? HC-05 in C:\Users\Журавлёв\Desktop\Диплом\Джойстик\PCB_Project\Sheet3.SchDoc with HC-05 from Schlib1.SchLib
Replace Part VD? SS34 in C:\Users\Журавлёв\Desktop\Диплом\Джойстик\PCB_Project\Sheet3.SchDoc with SS34 from Schlib2.SchLib
Replace Part VT? FS8205A(MOSFET,TSSOP-8) in C:\Users\Журавлёв\Desktop\Диплом\Джойстик\PCB_Project\Sheet3.SchDoc with FS8205A(MOSFET,TSSOP-8) from Schlib2.SchLib
Replace Part VT? FS8205A(MOSFET,TSSOP-8) in C:\Users\Журавлёв\Desktop\Диплом\Джойстик\PCB_Project\Sheet3.SchDoc with FS8205A(MOSFET,TSSOP-8) from Schlib2.SchLib
Replace Part XS? USB in C:\Users\Журавлёв\Desktop\Диплом\Джойстик\PCB_Project\Sheet3.SchDoc with USB from Schlib1.SchLib
Replace Part Z? Quartz in C:\Users\Журавлёв\Desktop\Диплом\Джойстик\PCB_Project\Sheet3.SchDoc with Quartz from Schlib2.SchLib
