Replace Part C1 0.1uF in C:\Users\Журавлёв\Desktop\Диплом\Джойстик\PCB_Project\Sheet3.SchDoc with 0.1uF from Schlib1.SchLib
Replace Part C2 0.1uF in C:\Users\Журавлёв\Desktop\Диплом\Джойстик\PCB_Project\Sheet3.SchDoc with 0.1uF from Schlib1.SchLib
Replace Part C3 0.1uF in C:\Users\Журавлёв\Desktop\Диплом\Джойстик\PCB_Project\Sheet3.SchDoc with 0.1uF from Schlib1.SchLib
Replace Part C4 0.1uF in C:\Users\Журавлёв\Desktop\Диплом\Джойстик\PCB_Project\Sheet3.SchDoc with 0.1uF from Schlib1.SchLib
Replace Part C5 0.1uF in C:\Users\Журавлёв\Desktop\Диплом\Джойстик\PCB_Project\Sheet3.SchDoc with 0.1uF from Schlib1.SchLib
Replace Part C6 0.1uF in C:\Users\Журавлёв\Desktop\Диплом\Джойстик\PCB_Project\Sheet3.SchDoc with 0.1uF from Schlib1.SchLib
Replace Part C7 0.1uF in C:\Users\Журавлёв\Desktop\Диплом\Джойстик\PCB_Project\Sheet3.SchDoc with 0.1uF from Schlib1.SchLib
Replace Part C8 0.1uF in C:\Users\Журавлёв\Desktop\Диплом\Джойстик\PCB_Project\Sheet3.SchDoc with 0.1uF from Schlib1.SchLib
Replace Part C9 0.1uF in C:\Users\Журавлёв\Desktop\Диплом\Джойстик\PCB_Project\Sheet3.SchDoc with 0.1uF from Schlib1.SchLib
Replace Part C10 0.1uF in C:\Users\Журавлёв\Desktop\Диплом\Джойстик\PCB_Project\Sheet3.SchDoc with 0.1uF from Schlib1.SchLib
Replace Part C11 0.1uF in C:\Users\Журавлёв\Desktop\Диплом\Джойстик\PCB_Project\Sheet3.SchDoc with 0.1uF from Schlib1.SchLib
Replace Part C12 0.1uF in C:\Users\Журавлёв\Desktop\Диплом\Джойстик\PCB_Project\Sheet3.SchDoc with 0.1uF from Schlib1.SchLib
Replace Part C13 0.1uF in C:\Users\Журавлёв\Desktop\Диплом\Джойстик\PCB_Project\Sheet3.SchDoc with 0.1uF from Schlib1.SchLib
Replace Part DA1 TP4056 in C:\Users\Журавлёв\Desktop\Диплом\Джойстик\PCB_Project\Sheet3.SchDoc with TP4056 from Schlib2.SchLib
Replace Part DA2 DW01A in C:\Users\Журавлёв\Desktop\Диплом\Джойстик\PCB_Project\Sheet3.SchDoc with DW01A from Schlib2.SchLib
Replace Part DA3 MT3608 in C:\Users\Журавлёв\Desktop\Диплом\Джойстик\PCB_Project\Sheet3.SchDoc with MT3608 from Schlib2.SchLib
Replace Part DA4 NCP1117 in C:\Users\Журавлёв\Desktop\Диплом\Джойстик\PCB_Project\Sheet3.SchDoc with NCP1117 from Schlib2.SchLib
Replace Part DD1 STM32F103C8T6 (LQFP48) in C:\Users\Журавлёв\Desktop\Диплом\Джойстик\PCB_Project\Sheet3.SchDoc with STM32F103C8T6 (LQFP48) from Schlib2.SchLib
Replace Part GB1 Batt Li-On in C:\Users\Журавлёв\Desktop\Диплом\Джойстик\PCB_Project\Sheet3.SchDoc with Batt Li-On from Schlib2.SchLib
Replace Part L1 Inductor in C:\Users\Журавлёв\Desktop\Диплом\Джойстик\PCB_Project\Sheet3.SchDoc with Inductor from Schlib2.SchLib
Replace Part R1 Резистор 0805 in C:\Users\Журавлёв\Desktop\Диплом\Джойстик\PCB_Project\Sheet3.SchDoc with Резистор 0805 from Schlib1.SchLib
Replace Part R2 Резистор 0805 in C:\Users\Журавлёв\Desktop\Диплом\Джойстик\PCB_Project\Sheet3.SchDoc with Резистор 0805 from Schlib1.SchLib
Replace Part R3 Резистор 0805 in C:\Users\Журавлёв\Desktop\Диплом\Джойстик\PCB_Project\Sheet3.SchDoc with Резистор 0805 from Schlib1.SchLib
Replace Part R4 Резистор 0805 in C:\Users\Журавлёв\Desktop\Диплом\Джойстик\PCB_Project\Sheet3.SchDoc with Резистор 0805 from Schlib1.SchLib
Replace Part R5 Резистор 0805 in C:\Users\Журавлёв\Desktop\Диплом\Джойстик\PCB_Project\Sheet3.SchDoc with Резистор 0805 from Schlib1.SchLib
Replace Part R6 Резистор 0805 in C:\Users\Журавлёв\Desktop\Диплом\Джойстик\PCB_Project\Sheet3.SchDoc with Резистор 0805 from Schlib1.SchLib
Replace Part R7 Резистор 0805 in C:\Users\Журавлёв\Desktop\Диплом\Джойстик\PCB_Project\Sheet3.SchDoc with Резистор 0805 from Schlib1.SchLib
Replace Part R8 Резистор 0805 in C:\Users\Журавлёв\Desktop\Диплом\Джойстик\PCB_Project\Sheet3.SchDoc with Резистор 0805 from Schlib1.SchLib
Replace Part SW1 SWITCH in C:\Users\Журавлёв\Desktop\Диплом\Джойстик\PCB_Project\Sheet3.SchDoc with SWITCH from Schlib2.SchLib
Replace Part SW2 Button in C:\Users\Журавлёв\Desktop\Диплом\Джойстик\PCB_Project\Sheet3.SchDoc with Button from Schlib2.SchLib
Replace Part SW3 Button in C:\Users\Журавлёв\Desktop\Диплом\Джойстик\PCB_Project\Sheet3.SchDoc with Button from Schlib2.SchLib
Replace Part SW4 Button in C:\Users\Журавлёв\Desktop\Диплом\Джойстик\PCB_Project\Sheet3.SchDoc with Button from Schlib2.SchLib
Replace Part SW5 Button in C:\Users\Журавлёв\Desktop\Диплом\Джойстик\PCB_Project\Sheet3.SchDoc with Button from Schlib2.SchLib
Replace Part SW6 Button in C:\Users\Журавлёв\Desktop\Диплом\Джойстик\PCB_Project\Sheet3.SchDoc with Button from Schlib2.SchLib
Replace Part SW7 Button in C:\Users\Журавлёв\Desktop\Диплом\Джойстик\PCB_Project\Sheet3.SchDoc with Button from Schlib2.SchLib
Replace Part SW8 Button in C:\Users\Журавлёв\Desktop\Диплом\Джойстик\PCB_Project\Sheet3.SchDoc with Button from Schlib2.SchLib
Replace Part SW9 Button in C:\Users\Журавлёв\Desktop\Диплом\Джойстик\PCB_Project\Sheet3.SchDoc with Button from Schlib2.SchLib
Replace Part SW10 Button in C:\Users\Журавлёв\Desktop\Диплом\Джойстик\PCB_Project\Sheet3.SchDoc with Button from Schlib2.SchLib
Replace Part U1 HC-05 in C:\Users\Журавлёв\Desktop\Диплом\Джойстик\PCB_Project\Sheet3.SchDoc with HC-05 from Schlib1.SchLib
Replace Part VD1 SS34 in C:\Users\Журавлёв\Desktop\Диплом\Джойстик\PCB_Project\Sheet3.SchDoc with SS34 from Schlib2.SchLib
Replace Part VT1 FS8205A(MOSFET,TSSOP-8) in C:\Users\Журавлёв\Desktop\Диплом\Джойстик\PCB_Project\Sheet3.SchDoc with FS8205A(MOSFET,TSSOP-8) from Schlib2.SchLib
Replace Part VT1 FS8205A(MOSFET,TSSOP-8) in C:\Users\Журавлёв\Desktop\Диплом\Джойстик\PCB_Project\Sheet3.SchDoc with FS8205A(MOSFET,TSSOP-8) from Schlib2.SchLib
Replace Part XS1 USB in C:\Users\Журавлёв\Desktop\Диплом\Джойстик\PCB_Project\Sheet3.SchDoc with USB from Schlib1.SchLib
Replace Part Z1 Quartz in C:\Users\Журавлёв\Desktop\Диплом\Джойстик\PCB_Project\Sheet3.SchDoc with Quartz from Schlib2.SchLib
