Added Net: Name=GND
Added Net: Name=NetDA1_1
Added Net: Name=NetDA1_2
Added Net: Name=NetDA1_3
Added Net: Name=NetDD1_5
Added Net: Name=NetDD1_6
Added Net: Name=NetDD1_7
Added Net: Name=NetDD1_13
Added Net: Name=NetDD1_14
Added Net: Name=NetDD1_15
Added Net: Name=NetDD1_16
Added Net: Name=NetDD2_1
Added Net: Name=NetDD2_2
Added Net: Name=NetDD2_3
Added Net: Name=NetDD2_4
Added Net: Name=NetDD2_5
Added Net: Name=NetDD2_6
Added Net: Name=NetDD2_7
Added Net: Name=NetDD2_9
Added Net: Name=NetDD2_15
Added Net: Name=NetDD3_1
Added Net: Name=NetDD3_2
Added Net: Name=NetDD3_3
Added Net: Name=NetDD3_4
Added Net: Name=NetDD3_5
Added Net: Name=NetDD3_6
Added Net: Name=NetDD3_7
Added Net: Name=NetDD3_9
Added Net: Name=NetDD3_15
Added Net: Name=NetDD4_1
Added Net: Name=NetDD4_2
Added Net: Name=NetDD4_3
Added Net: Name=NetDD4_4
Added Net: Name=NetDD4_5
Added Net: Name=NetDD4_6
Added Net: Name=NetDD4_7
Added Net: Name=NetDD4_9
Added Net: Name=NetDD4_15
Added Net: Name=NetDD5_1
Added Net: Name=NetDD5_2
Added Net: Name=NetDD5_3
Added Net: Name=NetDD5_4
Added Net: Name=NetDD5_5
Added Net: Name=NetDD5_6
Added Net: Name=NetDD5_7
Added Net: Name=NetDD5_9
Added Net: Name=NetDD5_15
Added Net: Name=NetDD6_1
Added Net: Name=NetDD6_2
Added Net: Name=NetDD6_3
Added Net: Name=NetDD6_4
Added Net: Name=NetDD6_5
Added Net: Name=NetDD6_6
Added Net: Name=NetDD6_7
Added Net: Name=NetDD6_9
Added Net: Name=NetDD6_15
Added Net: Name=NetDD7_1
Added Net: Name=NetDD7_2
Added Net: Name=NetDD7_3
Added Net: Name=NetDD7_4
Added Net: Name=NetDD7_5
Added Net: Name=NetDD7_6
Added Net: Name=NetDD7_7
Added Net: Name=NetDD7_9
Added Net: Name=NetDD7_15
Added Net: Name=NetDD8_1
Added Net: Name=NetDD8_2
Added Net: Name=NetDD8_3
Added Net: Name=NetDD8_4
Added Net: Name=NetDD8_5
Added Net: Name=NetDD8_6
Added Net: Name=NetDD8_7
Added Net: Name=NetDD8_9
Added Net: Name=NetDD8_15
Added Net: Name=NetDD9_1
Added Net: Name=NetDD9_2
Added Net: Name=NetDD9_3
Added Net: Name=NetDD9_4
Added Net: Name=NetDD9_5
Added Net: Name=NetDD9_6
Added Net: Name=NetDD9_7
Added Net: Name=NetDD9_9
Added Net: Name=NetDD9_15
Added Net: Name=NetDD10_5
Added Net: Name=NetDD10_6
Added Net: Name=NetDD10_7
Added Net: Name=NetDD10_8
Added Net: Name=NetDD10_9
Added Net: Name=NetDD10_10
Added Net: Name=NetDD10_11
Added Net: Name=NetDD10_12
Added Net: Name=NetDD10_15
Added Class: Name=Sheet1
Added Room: Name=Sheet1
