Added Net: Name=GND
Added Net: Name=NetDA?_1
Added Net: Name=NetDA?_2
Added Net: Name=NetDA?_3
Added Net: Name=NetDD?_1
Added Net: Name=NetDD?_2
Added Net: Name=NetDD?_3
Added Net: Name=NetDD?_4
Added Net: Name=NetDD?_5
Added Net: Name=NetDD?_6
Added Net: Name=NetDD?_7
Added Net: Name=NetDD?_8
Added Net: Name=NetDD?_9
Added Net: Name=NetDD?_10
Added Net: Name=NetDD?_11
Added Net: Name=NetDD?_12
Added Net: Name=NetDD?_13
Added Net: Name=NetDD?_14
Added Net: Name=NetDD?_15
Added Net: Name=NetDD?_16
Added Class: Name=Sheet1
Added Class: Name=Sheet2
Added Room: Name=Sheet1
Added Room: Name=Sheet2
