Added Component: Designator=VT1(SOT95P245X120-3N)
Added Component: Designator=VT2(SOT95P245X120-3N)
Added Component: Designator=VT3(SOT95P245X120-3N)
Added Component: Designator=VT4(SOT95P245X120-3N)
Added Component: Designator=VT5(SOT95P245X120-3N)
Added Component: Designator=VT6(SOT95P245X120-3N)
Added Component: Designator=VT7(SOT95P245X120-3N)
Added Component: Designator=VT8(SOT95P245X120-3N)
Added Pin To Net: NetName=NetDD8_15 Pin=R3-1
Added Pin To Net: NetName=NetDD5_15 Pin=R4-1
Added Pin To Net: NetName=NetDD2_15 Pin=R5-1
Added Pin To Net: NetName=NetDD8_1 Pin=R6-1
Added Pin To Net: NetName=NetDD5_1 Pin=R7-1
Added Pin To Net: NetName=NetDD2_1 Pin=R8-1
Added Pin To Net: NetName=NetDD8_2 Pin=R9-1
Added Pin To Net: NetName=NetDD5_2 Pin=R10-1
Added Pin To Net: NetName=NetDD2_2 Pin=R11-1
Added Pin To Net: NetName=NetDD8_3 Pin=R12-1
Added Pin To Net: NetName=NetDD5_3 Pin=R13-1
Added Pin To Net: NetName=NetDD2_3 Pin=R14-1
Added Pin To Net: NetName=NetDD8_4 Pin=R15-1
Added Pin To Net: NetName=NetDD5_4 Pin=R16-1
Added Pin To Net: NetName=NetDD2_4 Pin=R17-1
Added Pin To Net: NetName=NetDD8_5 Pin=R18-1
Added Pin To Net: NetName=NetDD5_5 Pin=R19-1
Added Pin To Net: NetName=NetDD2_5 Pin=R20-1
Added Pin To Net: NetName=NetDD8_6 Pin=R21-1
Added Pin To Net: NetName=NetDD5_6 Pin=R22-1
Added Pin To Net: NetName=NetDD2_6 Pin=R23-1
Added Pin To Net: NetName=NetDD8_7 Pin=R24-1
Added Pin To Net: NetName=NetDD5_7 Pin=R25-1
Added Pin To Net: NetName=NetDD2_7 Pin=R26-1
Added Pin To Net: NetName=NetDD3_15 Pin=R27-1
Added Pin To Net: NetName=NetDD9_15 Pin=R28-1
Added Pin To Net: NetName=NetDD6_15 Pin=R29-1
Added Pin To Net: NetName=NetDD3_1 Pin=R30-1
Added Pin To Net: NetName=NetDD9_1 Pin=R31-1
Added Pin To Net: NetName=NetDD6_1 Pin=R32-1
Added Pin To Net: NetName=NetDD3_2 Pin=R33-1
Added Pin To Net: NetName=NetDD9_2 Pin=R34-1
Added Pin To Net: NetName=NetDD6_2 Pin=R35-1
Added Pin To Net: NetName=NetDD3_3 Pin=R36-1
Added Pin To Net: NetName=NetDD9_3 Pin=R37-1
Added Pin To Net: NetName=NetDD6_3 Pin=R38-1
Added Pin To Net: NetName=NetDD3_4 Pin=R39-1
Added Pin To Net: NetName=NetDD9_4 Pin=R40-1
Added Pin To Net: NetName=NetDD6_4 Pin=R41-1
Added Pin To Net: NetName=NetDD3_5 Pin=R42-1
Added Pin To Net: NetName=NetDD9_5 Pin=R43-1
Added Pin To Net: NetName=NetDD6_5 Pin=R44-1
Added Pin To Net: NetName=NetDD3_6 Pin=R45-1
Added Pin To Net: NetName=NetDD9_6 Pin=R46-1
Added Pin To Net: NetName=NetDD6_6 Pin=R47-1
Added Pin To Net: NetName=NetDD3_7 Pin=R48-1
Added Pin To Net: NetName=NetDD9_7 Pin=R49-2
Added Pin To Net: NetName=NetDD6_7 Pin=R50-1
Added Pin To Net: NetName=NetDD7_15 Pin=R51-1
Added Pin To Net: NetName=NetDD4_15 Pin=R52-1
Added Pin To Net: NetName=NetDD7_1 Pin=R53-1
Added Pin To Net: NetName=NetDD4_1 Pin=R54-1
Added Pin To Net: NetName=NetDD7_2 Pin=R55-1
Added Pin To Net: NetName=NetDD4_2 Pin=R56-1
Added Pin To Net: NetName=NetDD7_3 Pin=R57-1
Added Pin To Net: NetName=NetDD4_3 Pin=R58-1
Added Pin To Net: NetName=NetDD7_4 Pin=R59-1
Added Pin To Net: NetName=NetDD4_4 Pin=R60-1
Added Pin To Net: NetName=NetDD7_5 Pin=R61-1
Added Pin To Net: NetName=NetDD4_5 Pin=R62-1
Added Pin To Net: NetName=NetDD7_6 Pin=R63-1
Added Pin To Net: NetName=NetDD4_6 Pin=R64-1
Added Pin To Net: NetName=NetDD7_7 Pin=R65-1
Added Pin To Net: NetName=NetDD4_7 Pin=R66-1
Added Pin To Net: NetName=NetDD10_15 Pin=VT1-1
Added Pin To Net: NetName=NetVT1_2 Pin=VT1-2
Added Pin To Net: NetName=NetC1_2 Pin=VT1-3
Added Pin To Net: NetName=NetDD10_1 Pin=VT2-1
Added Pin To Net: NetName=NetVT2_2 Pin=VT2-2
Added Pin To Net: NetName=NetC1_2 Pin=VT2-3
Added Pin To Net: NetName=NetDD10_2 Pin=VT3-1
Added Pin To Net: NetName=NetVT3_2 Pin=VT3-2
Added Pin To Net: NetName=NetC1_2 Pin=VT3-3
Added Pin To Net: NetName=NetDD10_3 Pin=VT4-1
Added Pin To Net: NetName=NetVT4_2 Pin=VT4-2
Added Pin To Net: NetName=NetC1_2 Pin=VT4-3
Added Pin To Net: NetName=NetDD10_4 Pin=VT5-1
Added Pin To Net: NetName=NetVT5_2 Pin=VT5-2
Added Pin To Net: NetName=NetC1_2 Pin=VT5-3
Added Pin To Net: NetName=NetDD10_5 Pin=VT6-1
Added Pin To Net: NetName=NetVT6_2 Pin=VT6-2
Added Pin To Net: NetName=NetC1_2 Pin=VT6-3
Added Pin To Net: NetName=NetDD10_6 Pin=VT7-1
Added Pin To Net: NetName=NetVT7_2 Pin=VT7-2
Added Pin To Net: NetName=NetC1_2 Pin=VT7-3
Added Pin To Net: NetName=NetDD10_7 Pin=VT8-1
Added Pin To Net: NetName=NetVT8_2 Pin=VT8-2
Added Pin To Net: NetName=NetC1_2 Pin=VT8-3
Added Pin To Net: NetName=NetR3_2 Pin=R3-2
Added Net: Name=NetR3_2
Added Pin To Net: NetName=NetR4_2 Pin=R4-2
Added Net: Name=NetR4_2
Added Pin To Net: NetName=NetR5_2 Pin=R5-2
Added Net: Name=NetR5_2
Added Pin To Net: NetName=NetR6_2 Pin=R6-2
Added Net: Name=NetR6_2
Added Pin To Net: NetName=NetR7_2 Pin=R7-2
Added Net: Name=NetR7_2
Added Pin To Net: NetName=NetR8_2 Pin=R8-2
Added Net: Name=NetR8_2
Added Pin To Net: NetName=NetR9_2 Pin=R9-2
Added Net: Name=NetR9_2
Added Pin To Net: NetName=NetR10_2 Pin=R10-2
Added Net: Name=NetR10_2
Added Pin To Net: NetName=NetR11_2 Pin=R11-2
Added Net: Name=NetR11_2
Added Pin To Net: NetName=NetR12_2 Pin=R12-2
Added Net: Name=NetR12_2
Added Pin To Net: NetName=NetR13_2 Pin=R13-2
Added Net: Name=NetR13_2
Added Pin To Net: NetName=NetR14_2 Pin=R14-2
Added Net: Name=NetR14_2
Added Pin To Net: NetName=NetR15_2 Pin=R15-2
Added Net: Name=NetR15_2
Added Pin To Net: NetName=NetR16_2 Pin=R16-2
Added Net: Name=NetR16_2
Added Pin To Net: NetName=NetR17_2 Pin=R17-2
Added Net: Name=NetR17_2
Added Pin To Net: NetName=NetR18_2 Pin=R18-2
Added Net: Name=NetR18_2
Added Pin To Net: NetName=NetR19_2 Pin=R19-2
Added Net: Name=NetR19_2
Added Pin To Net: NetName=NetR20_2 Pin=R20-2
Added Net: Name=NetR20_2
Added Pin To Net: NetName=NetR21_2 Pin=R21-2
Added Net: Name=NetR21_2
Added Pin To Net: NetName=NetR22_2 Pin=R22-2
Added Net: Name=NetR22_2
Added Pin To Net: NetName=NetR23_2 Pin=R23-2
Added Net: Name=NetR23_2
Added Pin To Net: NetName=NetR24_2 Pin=R24-2
Added Net: Name=NetR24_2
Added Pin To Net: NetName=NetR25_2 Pin=R25-2
Added Net: Name=NetR25_2
Added Pin To Net: NetName=NetR26_2 Pin=R26-2
Added Net: Name=NetR26_2
Added Pin To Net: NetName=NetR27_2 Pin=R27-2
Added Net: Name=NetR27_2
Added Pin To Net: NetName=NetR28_2 Pin=R28-2
Added Net: Name=NetR28_2
Added Pin To Net: NetName=NetR29_2 Pin=R29-2
Added Net: Name=NetR29_2
Added Pin To Net: NetName=NetR30_2 Pin=R30-2
Added Net: Name=NetR30_2
Added Pin To Net: NetName=NetR31_2 Pin=R31-2
Added Net: Name=NetR31_2
Added Pin To Net: NetName=NetR32_2 Pin=R32-2
Added Net: Name=NetR32_2
Added Pin To Net: NetName=NetR33_2 Pin=R33-2
Added Net: Name=NetR33_2
Added Pin To Net: NetName=NetR34_2 Pin=R34-2
Added Net: Name=NetR34_2
Added Pin To Net: NetName=NetR35_2 Pin=R35-2
Added Net: Name=NetR35_2
Added Pin To Net: NetName=NetR36_2 Pin=R36-2
Added Net: Name=NetR36_2
Added Pin To Net: NetName=NetR37_2 Pin=R37-2
Added Net: Name=NetR37_2
Added Pin To Net: NetName=NetR38_2 Pin=R38-2
Added Net: Name=NetR38_2
Added Pin To Net: NetName=NetR39_2 Pin=R39-2
Added Net: Name=NetR39_2
Added Pin To Net: NetName=NetR40_2 Pin=R40-2
Added Net: Name=NetR40_2
Added Pin To Net: NetName=NetR41_2 Pin=R41-2
Added Net: Name=NetR41_2
Added Pin To Net: NetName=NetR42_2 Pin=R42-2
Added Net: Name=NetR42_2
Added Pin To Net: NetName=NetR43_2 Pin=R43-2
Added Net: Name=NetR43_2
Added Pin To Net: NetName=NetR44_2 Pin=R44-2
Added Net: Name=NetR44_2
Added Pin To Net: NetName=NetR45_2 Pin=R45-2
Added Net: Name=NetR45_2
Added Pin To Net: NetName=NetR46_2 Pin=R46-2
Added Net: Name=NetR46_2
Added Pin To Net: NetName=NetR47_2 Pin=R47-2
Added Net: Name=NetR47_2
Added Pin To Net: NetName=NetR48_2 Pin=R48-2
Added Net: Name=NetR48_2
Added Pin To Net: NetName=NetR50_2 Pin=R50-2
Added Net: Name=NetR50_2
Added Pin To Net: NetName=NetR51_2 Pin=R51-2
Added Net: Name=NetR51_2
Added Pin To Net: NetName=NetR52_2 Pin=R52-2
Added Net: Name=NetR52_2
Added Pin To Net: NetName=NetR53_2 Pin=R53-2
Added Net: Name=NetR53_2
Added Pin To Net: NetName=NetR54_2 Pin=R54-2
Added Net: Name=NetR54_2
Added Pin To Net: NetName=NetR55_2 Pin=R55-2
Added Net: Name=NetR55_2
Added Pin To Net: NetName=NetR56_2 Pin=R56-2
Added Net: Name=NetR56_2
Added Pin To Net: NetName=NetR57_2 Pin=R57-2
Added Net: Name=NetR57_2
Added Pin To Net: NetName=NetR58_2 Pin=R58-2
Added Net: Name=NetR58_2
Added Pin To Net: NetName=NetR59_2 Pin=R59-2
Added Net: Name=NetR59_2
Added Pin To Net: NetName=NetR60_2 Pin=R60-2
Added Net: Name=NetR60_2
Added Pin To Net: NetName=NetR61_2 Pin=R61-2
Added Net: Name=NetR61_2
Added Pin To Net: NetName=NetR62_2 Pin=R62-2
Added Net: Name=NetR62_2
Added Pin To Net: NetName=NetR63_2 Pin=R63-2
Added Net: Name=NetR63_2
Added Pin To Net: NetName=NetR64_2 Pin=R64-2
Added Net: Name=NetR64_2
Added Pin To Net: NetName=NetR65_2 Pin=R65-2
Added Net: Name=NetR65_2
Added Pin To Net: NetName=NetR66_2 Pin=R66-2
Added Net: Name=NetR66_2
Added Member To Class: ClassName=Sheet1 Member=Component VT1 2N7002
Added Member To Class: ClassName=Sheet1 Member=Component VT2 2N7002
Added Member To Class: ClassName=Sheet1 Member=Component VT3 2N7002
Added Member To Class: ClassName=Sheet1 Member=Component VT4 2N7002
Added Member To Class: ClassName=Sheet1 Member=Component VT5 2N7002
Added Member To Class: ClassName=Sheet1 Member=Component VT6 2N7002
Added Member To Class: ClassName=Sheet1 Member=Component VT7 2N7002
Added Member To Class: ClassName=Sheet1 Member=Component VT8 2N7002
