Replace Part C1 0.1uF in C:\Диплом\Куб\PCB_Project\Sheet1.SchDoc with 0.1uF from Schlib1.SchLib
Replace Part C2 0.1uF in C:\Диплом\Куб\PCB_Project\Sheet1.SchDoc with 0.1uF from Schlib1.SchLib
Replace Part C3 0.1uF in C:\Диплом\Куб\PCB_Project\Sheet1.SchDoc with 0.1uF from Schlib1.SchLib
Replace Part C4 0.1uF in C:\Диплом\Куб\PCB_Project\Sheet1.SchDoc with 0.1uF from Schlib1.SchLib
Replace Part C5 0.1uF in C:\Диплом\Куб\PCB_Project\Sheet1.SchDoc with 0.1uF from Schlib1.SchLib
Replace Part C6 0.1uF in C:\Диплом\Куб\PCB_Project\Sheet1.SchDoc with 0.1uF from Schlib1.SchLib
Replace Part C7 0.1uF in C:\Диплом\Куб\PCB_Project\Sheet1.SchDoc with 0.1uF from Schlib1.SchLib
Replace Part C8 0.1uF in C:\Диплом\Куб\PCB_Project\Sheet1.SchDoc with 0.1uF from Schlib1.SchLib
Replace Part C9 0.1uF in C:\Диплом\Куб\PCB_Project\Sheet1.SchDoc with 0.1uF from Schlib1.SchLib
Replace Part C10 0.1uF in C:\Диплом\Куб\PCB_Project\Sheet1.SchDoc with 0.1uF from Schlib1.SchLib
Replace Part C11 0.1uF in C:\Диплом\Куб\PCB_Project\Sheet1.SchDoc with 0.1uF from Schlib1.SchLib
Replace Part C12 1u.F in C:\Диплом\Куб\PCB_Project\Sheet1.SchDoc with 1u.F from Schlib1.SchLib
Replace Part C13 0.1uF in C:\Диплом\Куб\PCB_Project\Sheet1.SchDoc with 0.1uF from Schlib1.SchLib
Replace Part DA1 LM317 in C:\Диплом\Куб\PCB_Project\Sheet1.SchDoc with LM317 from Schlib1.SchLib
Replace Part DD1 STM32F103C8T6 in C:\Диплом\Куб\PCB_Project\Sheet1.SchDoc with STM32F103C8T6 from Schlib1.SchLib
Replace Part DD2 74HC595 in C:\Диплом\Куб\PCB_Project\Sheet1.SchDoc with 74HC595 from Schlib1.SchLib
Replace Part DD3 74HC595 in C:\Диплом\Куб\PCB_Project\Sheet1.SchDoc with 74HC595 from Schlib1.SchLib
Replace Part DD4 74HC595 in C:\Диплом\Куб\PCB_Project\Sheet1.SchDoc with 74HC595 from Schlib1.SchLib
Replace Part DD5 74HC595 in C:\Диплом\Куб\PCB_Project\Sheet1.SchDoc with 74HC595 from Schlib1.SchLib
Replace Part DD6 74HC595 in C:\Диплом\Куб\PCB_Project\Sheet1.SchDoc with 74HC595 from Schlib1.SchLib
Replace Part DD7 74HC595 in C:\Диплом\Куб\PCB_Project\Sheet1.SchDoc with 74HC595 from Schlib1.SchLib
Replace Part DD8 74HC595 in C:\Диплом\Куб\PCB_Project\Sheet1.SchDoc with 74HC595 from Schlib1.SchLib
Replace Part DD9 74HC595 in C:\Диплом\Куб\PCB_Project\Sheet1.SchDoc with 74HC595 from Schlib1.SchLib
Replace Part DD10 74HC595 in C:\Диплом\Куб\PCB_Project\Sheet1.SchDoc with 74HC595 from Schlib1.SchLib
Replace Part R1 240Ом in C:\Диплом\Куб\PCB_Project\Sheet1.SchDoc with 240Ом from Schlib1.SchLib
Replace Part R2 390 Ом in C:\Диплом\Куб\PCB_Project\Sheet1.SchDoc with 390 Ом from Schlib1.SchLib
Replace Part RP1 Potent in C:\Диплом\Куб\PCB_Project\Sheet1.SchDoc with Potent from Schlib1.SchLib
Replace Part U1 HC-05 in C:\Диплом\Куб\PCB_Project\Sheet1.SchDoc with HC-05 from Schlib1.SchLib
Replace Part VT1 2N7002 in C:\Диплом\Куб\PCB_Project\Sheet1.SchDoc with 2N7002 from Schlib1.SchLib
Replace Part VT2 2N7002 in C:\Диплом\Куб\PCB_Project\Sheet1.SchDoc with 2N7002 from Schlib1.SchLib
Replace Part VT3 2N7002 in C:\Диплом\Куб\PCB_Project\Sheet1.SchDoc with 2N7002 from Schlib1.SchLib
Replace Part VT4 2N7002 in C:\Диплом\Куб\PCB_Project\Sheet1.SchDoc with 2N7002 from Schlib1.SchLib
Replace Part VT5 2N7002 in C:\Диплом\Куб\PCB_Project\Sheet1.SchDoc with 2N7002 from Schlib1.SchLib
Replace Part VT6 2N7002 in C:\Диплом\Куб\PCB_Project\Sheet1.SchDoc with 2N7002 from Schlib1.SchLib
Replace Part VT7 2N7002 in C:\Диплом\Куб\PCB_Project\Sheet1.SchDoc with 2N7002 from Schlib1.SchLib
Replace Part VT8 2N7002 in C:\Диплом\Куб\PCB_Project\Sheet1.SchDoc with 2N7002 from Schlib1.SchLib
Replace Part XS1 USB in C:\Диплом\Куб\PCB_Project\Sheet1.SchDoc with USB from Schlib1.SchLib
