Replace Part C2 0.1uF in C:\Users\∆уравлЄв\Desktop\ уб\PCB_Project\Sheet1.SchDoc with 0.1uF from Schlib1.SchLib
Replace Part DA1 LM317 in C:\Users\∆уравлЄв\Desktop\ уб\PCB_Project\Sheet1.SchDoc with LM317 from Schlib1.SchLib
Replace Part DD1 STM32F103C8T6 in C:\Users\∆уравлЄв\Desktop\ уб\PCB_Project\Sheet1.SchDoc with STM32F103C8T6 from Schlib1.SchLib
Replace Part DD2 74HC595 in C:\Users\∆уравлЄв\Desktop\ уб\PCB_Project\Sheet1.SchDoc with 74HC595 from Schlib1.SchLib
Replace Part DD3 74HC595 in C:\Users\∆уравлЄв\Desktop\ уб\PCB_Project\Sheet1.SchDoc with 74HC595 from Schlib1.SchLib
Replace Part DD4 74HC595 in C:\Users\∆уравлЄв\Desktop\ уб\PCB_Project\Sheet1.SchDoc with 74HC595 from Schlib1.SchLib
Replace Part DD5 74HC595 in C:\Users\∆уравлЄв\Desktop\ уб\PCB_Project\Sheet1.SchDoc with 74HC595 from Schlib1.SchLib
Replace Part DD6 74HC595 in C:\Users\∆уравлЄв\Desktop\ уб\PCB_Project\Sheet1.SchDoc with 74HC595 from Schlib1.SchLib
Replace Part DD7 74HC595 in C:\Users\∆уравлЄв\Desktop\ уб\PCB_Project\Sheet1.SchDoc with 74HC595 from Schlib1.SchLib
Replace Part DD8 74HC595 in C:\Users\∆уравлЄв\Desktop\ уб\PCB_Project\Sheet1.SchDoc with 74HC595 from Schlib1.SchLib
Replace Part DD9 74HC595 in C:\Users\∆уравлЄв\Desktop\ уб\PCB_Project\Sheet1.SchDoc with 74HC595 from Schlib1.SchLib
Replace Part DD10 STP08DP05 in C:\Users\∆уравлЄв\Desktop\ уб\PCB_Project\Sheet1.SchDoc with STP08DP05 from Schlib1.SchLib
Replace Part R1 240ќм in C:\Users\∆уравлЄв\Desktop\ уб\PCB_Project\Sheet1.SchDoc with 240ќм from Schlib1.SchLib
Replace Part R2 390 ќм in C:\Users\∆уравлЄв\Desktop\ уб\PCB_Project\Sheet1.SchDoc with 390 ќм from Schlib1.SchLib
Replace Part R3 1кќм in C:\Users\∆уравлЄв\Desktop\ уб\PCB_Project\Sheet1.SchDoc with 1кќм from Schlib1.SchLib
Replace Part RP1 Potent in C:\Users\∆уравлЄв\Desktop\ уб\PCB_Project\Sheet1.SchDoc with Potent from Schlib1.SchLib
Replace Part U1 HC-05 in C:\Users\∆уравлЄв\Desktop\ уб\PCB_Project\Sheet1.SchDoc with HC-05 from Schlib1.SchLib
Replace Part XS1 USB in C:\Users\∆уравлЄв\Desktop\ уб\PCB_Project\Sheet1.SchDoc with USB from Schlib1.SchLib
Replace Part —1 0.1uF in C:\Users\∆уравлЄв\Desktop\ уб\PCB_Project\Sheet1.SchDoc with 0.1uF from Schlib1.SchLib
Replace Part —3 0.1uF in C:\Users\∆уравлЄв\Desktop\ уб\PCB_Project\Sheet1.SchDoc with 0.1uF from Schlib1.SchLib
Replace Part —4 0.1uF in C:\Users\∆уравлЄв\Desktop\ уб\PCB_Project\Sheet1.SchDoc with 0.1uF from Schlib1.SchLib
Replace Part —5 0.1uF in C:\Users\∆уравлЄв\Desktop\ уб\PCB_Project\Sheet1.SchDoc with 0.1uF from Schlib1.SchLib
Replace Part —6 0.1uF in C:\Users\∆уравлЄв\Desktop\ уб\PCB_Project\Sheet1.SchDoc with 0.1uF from Schlib1.SchLib
Replace Part —7 0.1uF in C:\Users\∆уравлЄв\Desktop\ уб\PCB_Project\Sheet1.SchDoc with 0.1uF from Schlib1.SchLib
Replace Part —8 0.1uF in C:\Users\∆уравлЄв\Desktop\ уб\PCB_Project\Sheet1.SchDoc with 0.1uF from Schlib1.SchLib
Replace Part —9 0.1uF in C:\Users\∆уравлЄв\Desktop\ уб\PCB_Project\Sheet1.SchDoc with 0.1uF from Schlib1.SchLib
Replace Part —10 0.1uF in C:\Users\∆уравлЄв\Desktop\ уб\PCB_Project\Sheet1.SchDoc with 0.1uF from Schlib1.SchLib
Replace Part —11 0.1uF in C:\Users\∆уравлЄв\Desktop\ уб\PCB_Project\Sheet1.SchDoc with 0.1uF from Schlib1.SchLib
Replace Part —12 0.1uF in C:\Users\∆уравлЄв\Desktop\ уб\PCB_Project\Sheet1.SchDoc with 0.1uF from Schlib1.SchLib
Replace Part —13 1u.F in C:\Users\∆уравлЄв\Desktop\ уб\PCB_Project\Sheet1.SchDoc with 1u.F from Schlib1.SchLib
