Change Component Designator: Old Designator=C? New Designator=C1
Change Component Designator: Old Designator=C? New Designator=C2
Change Component Designator: Old Designator=C? New Designator=C3
Change Component Designator: Old Designator=C? New Designator=C4
Change Component Designator: Old Designator=C? New Designator=C5
Change Component Designator: Old Designator=DA? New Designator=DA1
Change Component Designator: Old Designator=DD? New Designator=DD1
Change Component Designator: Old Designator=DD? New Designator=DD2
Change Component Designator: Old Designator=DD? New Designator=DD3
Change Component Designator: Old Designator=DD? New Designator=DD4
Change Component Designator: Old Designator=DD? New Designator=DD5
Change Component Designator: Old Designator=DD? New Designator=DD6
Change Component Designator: Old Designator=DD? New Designator=DD7
Change Component Designator: Old Designator=DD? New Designator=DD8
Change Component Designator: Old Designator=DD? New Designator=DD9
Change Component Designator: Old Designator=DD? New Designator=DD10
Change Component Designator: Old Designator=R? New Designator=R1
Change Component Designator: Old Designator=R? New Designator=R2
Change Component Designator: Old Designator=R? New Designator=R3
Change Component Designator: Old Designator=RP? New Designator=RP1
Change Component Designator: Old Designator=U? New Designator=U1
Change Component Designator: Old Designator=XS? New Designator=XS1
Change Component Designator: Old Designator=Ñ? New Designator=Ñ1
Change Component Designator: Old Designator=Ñ? New Designator=Ñ2
Change Component Designator: Old Designator=Ñ? New Designator=Ñ3
Change Component Designator: Old Designator=Ñ? New Designator=Ñ4
Change Component Designator: Old Designator=Ñ? New Designator=Ñ5
Change Component Designator: Old Designator=Ñ? New Designator=Ñ6
Change Component Designator: Old Designator=Ñ? New Designator=Ñ7
Change Component Designator: Old Designator=Ñ? New Designator=Ñ8
